生成启动时间为 2013/11/25 15:20:06。
     1>项目“G:\Visual Studio 2010\Performance_11_17授人以鱼不如授人以渔\Performance\Performance\Performance.vcxproj”在节点 2 上(build 个目标)。
     1>InitializeBuildStatus:
         正在创建“Debug\Performance.unsuccessfulbuild”，因为已指定“AlwaysCreate”。
       ClCompile:
         g:\program files (x86)\VC\bin\CL.exe /c /ZI /nologo /W3 /WX- /Od /Oy- /D WIN32 /D _DEBUG /D _CONSOLE /D _UNICODE /D UNICODE /Gm /EHsc /RTC1 /MDd /GS /fp:precise /Zc:wchar_t /Zc:forScope /Fo"Debug\\" /Fd"Debug\vc100.pdb" /Gd /TP /analyze- /errorReport:prompt "Performance Evaluation.cpp"
         Performance Evaluation.cpp
     1>g:\visual studio 2010\performance_11_17授人以鱼不如授人以渔\performance\performance\performance evaluation.cpp(619): warning C4244: “参数”: 从“int”转换到“float”，可能丢失数据
       ManifestResourceCompile:
         所有输出均为最新。
       Link:
         g:\program files (x86)\VC\bin\link.exe /ERRORREPORT:PROMPT /OUT:"G:\Visual Studio 2010\Performance_11_17授人以鱼不如授人以渔\Performance\Debug\Performance.exe" /INCREMENTAL /NOLOGO kernel32.lib user32.lib gdi32.lib winspool.lib comdlg32.lib advapi32.lib shell32.lib ole32.lib oleaut32.lib uuid.lib odbc32.lib odbccp32.lib /MANIFEST /ManifestFile:"Debug\Performance.exe.intermediate.manifest" /MANIFESTUAC:"level='asInvoker' uiAccess='false'" /DEBUG /PDB:"G:\Visual Studio 2010\Performance_11_17授人以鱼不如授人以渔\Performance\Debug\Performance.pdb" /SUBSYSTEM:CONSOLE /TLBID:1 /DYNAMICBASE /NXCOMPAT /IMPLIB:"G:\Visual Studio 2010\Performance_11_17授人以鱼不如授人以渔\Performance\Debug\Performance.lib" /MACHINE:X86 Debug\Performance.exe.embed.manifest.res
         "Debug\Performance Evaluation.obj"
       Manifest:
         C:\Program Files (x86)\Microsoft SDKs\Windows\v7.0A\bin\mt.exe /nologo /verbose /out:"Debug\Performance.exe.embed.manifest" /manifest Debug\Performance.exe.intermediate.manifest
         所有输出均为最新。
       LinkEmbedManifest:
         所有输出均为最新。
         Performance.vcxproj -> G:\Visual Studio 2010\Performance_11_17授人以鱼不如授人以渔\Performance\Debug\Performance.exe
       FinalizeBuildStatus:
         正在删除文件“Debug\Performance.unsuccessfulbuild”。
         正在对“Debug\Performance.lastbuildstate”执行 Touch 任务。
     1>已完成生成项目“G:\Visual Studio 2010\Performance_11_17授人以鱼不如授人以渔\Performance\Performance\Performance.vcxproj”(build 个目标)的操作。

生成成功。

已用时间 00:00:03.31
